<?xml version="1.0" encoding="UTF-8"?>
<beans xmlns="http://www.springframework.org/schema/beans"
	xmlns:xsi="http://www.w3.org/2001/XMLSchema-instance" xmlns:p="http://www.springframework.org/schema/p"
	xmlns:context="http://www.springframework.org/schema/context"
	xmlns:aop="http://www.springframework.org/schema/aop" xmlns:tx="http://www.springframework.org/schema/tx"
	xsi:schemaLocation=" http://www.springframework.org/schema/beans http://www.springframework.org/schema/beans/spring-beans-3.0.xsd 
	http://www.springframework.org/schema/aop http://www.springframework.org/schema/aop/spring-aop-3.0.xsd 
	http://www.springframework.org/schema/tx http://www.springframework.org/schema/tx/spring-tx-3.0.xsd
	http://www.springframework.org/schema/context http://www.springframework.org/schema/context/spring-context-3.0.xsd">


	<!-- 事务管理 -->
	<bean id="txManager"
		class="org.springframework.orm.hibernate3.HibernateTransactionManager">
		<property name="sessionFactory" ref="sessionFactory" />
	</bean>
	<!-- 事务通知 -->
	<tx:advice id="txAdvice" transaction-manager="txManager">
		<tx:attributes>
			<tx:method name="find*" read-only="true" />
			<tx:method name="get*" read-only="true" />
			<tx:method name="load*" read-only="true" />
			<tx:method name="list*" read-only="true" />
			<tx:method name="search*" read-only="true" />
			<tx:method name="*" rollback-for="Throwable" />
		</tx:attributes>
	</tx:advice>

	<!-- 配置需要进行事务控制的类 -->
	<aop:config>
		<!-- 拦截以service结尾的bean类 -->
		<aop:pointcut id="serviceOperation" expression="bean(*Service)" />
		<aop:advisor advice-ref="txAdvice" pointcut-ref="serviceOperation" />
	</aop:config>


	<!-- service -->
	<context:component-scan base-package="com.qingtian.test.service.impl" />

	<bean id="testDao" class="com.qingtian.test.dao.impl.TestDaoImpl">
		<property name="sessionFactory" ref="sessionFactory"></property>
	</bean>
</beans>
